<?xml version="1.0" ?>
<coverage branch-rate="0" branches-covered="0" branches-valid="0" complexity="0" line-rate="0.9149" lines-covered="215" lines-valid="235" timestamp="1637608132974" version="5.5">
	<!-- Generated by coverage.py: https://coverage.readthedocs.io -->
	<!-- Based on https://raw.githubusercontent.com/cobertura/web/master/htdocs/xml/coverage-04.dtd -->
	<sources>
		<source>/home/eadwin/Desktop/django_ninja_extra_demo/django-ninja-passwordreset/django_rest_passwordreset</source>
	</sources>
	<packages>
		<package branch-rate="0" complexity="0" line-rate="0.9635" name=".">
			<classes>
				<class branch-rate="0" complexity="0" filename="__init__.py" line-rate="1" name="__init__.py">
					<methods/>
					<lines>
						<line hits="1" number="2"/>
						<line hits="1" number="4"/>
					</lines>
				</class>
				<class branch-rate="0" complexity="0" filename="admin.py" line-rate="1" name="admin.py">
					<methods/>
					<lines>
						<line hits="1" number="2"/>
						<line hits="1" number="4"/>
						<line hits="1" number="7"/>
						<line hits="1" number="8"/>
						<line hits="1" number="9"/>
					</lines>
				</class>
				<class branch-rate="0" complexity="0" filename="apps.py" line-rate="1" name="apps.py">
					<methods/>
					<lines>
						<line hits="1" number="1"/>
						<line hits="1" number="2"/>
						<line hits="1" number="5"/>
						<line hits="1" number="6"/>
						<line hits="1" number="7"/>
						<line hits="1" number="8"/>
						<line hits="1" number="10"/>
						<line hits="1" number="11"/>
					</lines>
				</class>
				<class branch-rate="0" complexity="0" filename="controller.py" line-rate="0.9692" name="controller.py">
					<methods/>
					<lines>
						<line hits="1" number="1"/>
						<line hits="1" number="2"/>
						<line hits="1" number="4"/>
						<line hits="1" number="5"/>
						<line hits="1" number="6"/>
						<line hits="1" number="10"/>
						<line hits="1" number="11"/>
						<line hits="1" number="12"/>
						<line hits="1" number="13"/>
						<line hits="1" number="15"/>
						<line hits="1" number="21"/>
						<line hits="1" number="22"/>
						<line hits="1" number="28"/>
						<line hits="1" number="30"/>
						<line hits="1" number="32"/>
						<line hits="1" number="35"/>
						<line hits="1" number="40"/>
						<line hits="1" number="46"/>
						<line hits="1" number="47"/>
						<line hits="1" number="49"/>
						<line hits="1" number="52"/>
						<line hits="1" number="53"/>
						<line hits="1" number="54"/>
						<line hits="1" number="58"/>
						<line hits="1" number="60"/>
						<line hits="1" number="61"/>
						<line hits="1" number="62"/>
						<line hits="1" number="63"/>
						<line hits="1" number="66"/>
						<line hits="1" number="69"/>
						<line hits="1" number="70"/>
						<line hits="1" number="73"/>
						<line hits="1" number="75"/>
						<line hits="0" number="82"/>
						<line hits="0" number="84"/>
						<line hits="1" number="86"/>
						<line hits="1" number="87"/>
						<line hits="1" number="88"/>
						<line hits="1" number="93"/>
						<line hits="1" number="95"/>
						<line hits="1" number="97"/>
						<line hits="1" number="98"/>
						<line hits="1" number="99"/>
						<line hits="1" number="102"/>
						<line hits="1" number="105"/>
						<line hits="1" number="110"/>
						<line hits="1" number="113"/>
						<line hits="1" number="117"/>
						<line hits="1" number="122"/>
						<line hits="1" number="123"/>
						<line hits="1" number="124"/>
						<line hits="1" number="125"/>
						<line hits="1" number="129"/>
						<line hits="1" number="132"/>
						<line hits="1" number="144"/>
						<line hits="1" number="145"/>
						<line hits="1" number="149"/>
						<line hits="1" number="152"/>
						<line hits="1" number="154"/>
						<line hits="1" number="157"/>
						<line hits="1" number="168"/>
						<line hits="1" number="172"/>
						<line hits="1" number="175"/>
						<line hits="1" number="176"/>
						<line hits="1" number="177"/>
					</lines>
				</class>
				<class branch-rate="0" complexity="0" filename="models.py" line-rate="0.95" name="models.py">
					<methods/>
					<lines>
						<line hits="1" number="1"/>
						<line hits="1" number="2"/>
						<line hits="1" number="3"/>
						<line hits="1" number="4"/>
						<line hits="1" number="6"/>
						<line hits="1" number="13"/>
						<line hits="1" number="16"/>
						<line hits="1" number="18"/>
						<line hits="1" number="26"/>
						<line hits="1" number="27"/>
						<line hits="1" number="28"/>
						<line hits="1" number="29"/>
						<line hits="1" number="31"/>
						<line hits="1" number="34"/>
						<line hits="1" number="36"/>
						<line hits="1" number="38"/>
						<line hits="1" number="45"/>
						<line hits="1" number="50"/>
						<line hits="1" number="52"/>
						<line hits="1" number="58"/>
						<line hits="1" number="65"/>
						<line hits="1" number="66"/>
						<line hits="1" number="67"/>
						<line hits="1" number="68"/>
						<line hits="1" number="70"/>
						<line hits="0" number="71"/>
						<line hits="1" number="74"/>
						<line hits="1" number="81"/>
						<line hits="1" number="84"/>
						<line hits="1" number="90"/>
						<line hits="1" number="93"/>
						<line hits="1" number="98"/>
						<line hits="1" number="101"/>
						<line hits="1" number="102"/>
						<line hits="0" number="104"/>
						<line hits="1" number="106"/>
						<line hits="1" number="108"/>
						<line hits="1" number="111"/>
						<line hits="1" number="115"/>
						<line hits="1" number="116"/>
					</lines>
				</class>
				<class branch-rate="0" complexity="0" filename="schema.py" line-rate="1" name="schema.py">
					<methods/>
					<lines>
						<line hits="1" number="1"/>
						<line hits="1" number="3"/>
						<line hits="1" number="4"/>
						<line hits="1" number="5"/>
						<line hits="1" number="6"/>
						<line hits="1" number="7"/>
						<line hits="1" number="8"/>
						<line hits="1" number="9"/>
						<line hits="1" number="11"/>
						<line hits="1" number="13"/>
						<line hits="1" number="20"/>
						<line hits="1" number="21"/>
						<line hits="1" number="24"/>
						<line hits="1" number="25"/>
						<line hits="1" number="27"/>
						<line hits="1" number="30"/>
						<line hits="1" number="35"/>
						<line hits="1" number="36"/>
						<line hits="1" number="39"/>
						<line hits="1" number="46"/>
						<line hits="1" number="51"/>
						<line hits="1" number="55"/>
						<line hits="1" number="57"/>
						<line hits="1" number="58"/>
						<line hits="1" number="59"/>
						<line hits="1" number="62"/>
						<line hits="1" number="63"/>
						<line hits="1" number="64"/>
						<line hits="1" number="67"/>
						<line hits="1" number="68"/>
					</lines>
				</class>
				<class branch-rate="0" complexity="0" filename="serializers.py" line-rate="1" name="serializers.py">
					<methods/>
					<lines/>
				</class>
				<class branch-rate="0" complexity="0" filename="signals.py" line-rate="1" name="signals.py">
					<methods/>
					<lines>
						<line hits="1" number="1"/>
						<line hits="1" number="3"/>
						<line hits="1" number="12"/>
						<line hits="1" number="17"/>
						<line hits="1" number="22"/>
					</lines>
				</class>
				<class branch-rate="0" complexity="0" filename="tokens.py" line-rate="0.9189" name="tokens.py">
					<methods/>
					<lines>
						<line hits="1" number="1"/>
						<line hits="1" number="2"/>
						<line hits="1" number="3"/>
						<line hits="1" number="4"/>
						<line hits="1" number="6"/>
						<line hits="1" number="9"/>
						<line hits="1" number="16"/>
						<line hits="1" number="17"/>
						<line hits="1" number="20"/>
						<line hits="1" number="25"/>
						<line hits="1" number="26"/>
						<line hits="1" number="27"/>
						<line hits="1" number="28"/>
						<line hits="1" number="30"/>
						<line hits="1" number="31"/>
						<line hits="1" number="33"/>
						<line hits="0" number="34"/>
						<line hits="1" number="37"/>
						<line hits="1" number="40"/>
						<line hits="1" number="48"/>
						<line hits="0" number="49"/>
						<line hits="1" number="51"/>
						<line hits="0" number="52"/>
						<line hits="1" number="55"/>
						<line hits="1" number="60"/>
						<line hits="1" number="61"/>
						<line hits="1" number="62"/>
						<line hits="1" number="64"/>
						<line hits="1" number="67"/>
						<line hits="1" number="70"/>
						<line hits="1" number="73"/>
						<line hits="1" number="78"/>
						<line hits="1" number="79"/>
						<line hits="1" number="80"/>
						<line hits="1" number="82"/>
						<line hits="1" number="83"/>
						<line hits="1" number="86"/>
					</lines>
				</class>
				<class branch-rate="0" complexity="0" filename="urls.py" line-rate="1" name="urls.py">
					<methods/>
					<lines/>
				</class>
				<class branch-rate="0" complexity="0" filename="views.py" line-rate="1" name="views.py">
					<methods/>
					<lines/>
				</class>
			</classes>
		</package>
		<package branch-rate="0" complexity="0" line-rate="1" name="management">
			<classes>
				<class branch-rate="0" complexity="0" filename="management/__init__.py" line-rate="1" name="__init__.py">
					<methods/>
					<lines/>
				</class>
			</classes>
		</package>
		<package branch-rate="0" complexity="0" line-rate="0" name="management.commands">
			<classes>
				<class branch-rate="0" complexity="0" filename="management/commands/__init__.py" line-rate="1" name="__init__.py">
					<methods/>
					<lines/>
				</class>
				<class branch-rate="0" complexity="0" filename="management/commands/clearresetpasswodtokens.py" line-rate="0" name="clearresetpasswodtokens.py">
					<methods/>
					<lines>
						<line hits="0" number="1"/>
						<line hits="0" number="3"/>
						<line hits="0" number="4"/>
						<line hits="0" number="6"/>
						<line hits="0" number="9"/>
						<line hits="0" number="10"/>
						<line hits="0" number="12"/>
						<line hits="0" number="14"/>
						<line hits="0" number="17"/>
					</lines>
				</class>
			</classes>
		</package>
		<package branch-rate="0" complexity="0" line-rate="0.8824" name="migrations">
			<classes>
				<class branch-rate="0" complexity="0" filename="migrations/0001_initial.py" line-rate="1" name="0001_initial.py">
					<methods/>
					<lines>
						<line hits="1" number="3"/>
						<line hits="1" number="5"/>
						<line hits="1" number="6"/>
						<line hits="1" number="7"/>
						<line hits="1" number="10"/>
						<line hits="1" number="12"/>
						<line hits="1" number="14"/>
						<line hits="1" number="18"/>
					</lines>
				</class>
				<class branch-rate="0" complexity="0" filename="migrations/0002_pk_migration.py" line-rate="0.8095" name="0002_pk_migration.py">
					<methods/>
					<lines>
						<line hits="1" number="2"/>
						<line hits="1" number="4"/>
						<line hits="1" number="5"/>
						<line hits="1" number="6"/>
						<line hits="1" number="9"/>
						<line hits="1" number="10"/>
						<line hits="1" number="15"/>
						<line hits="0" number="16"/>
						<line hits="0" number="17"/>
						<line hits="1" number="20"/>
						<line hits="0" number="21"/>
						<line hits="1" number="50"/>
						<line hits="1" number="51"/>
						<line hits="1" number="77"/>
						<line hits="1" number="85"/>
						<line hits="1" number="87"/>
						<line hits="1" number="88"/>
						<line hits="0" number="90"/>
						<line hits="1" number="93"/>
						<line hits="1" number="95"/>
						<line hits="1" number="102"/>
					</lines>
				</class>
				<class branch-rate="0" complexity="0" filename="migrations/0003_allow_blank_and_null_fields.py" line-rate="1" name="0003_allow_blank_and_null_fields.py">
					<methods/>
					<lines>
						<line hits="1" number="3"/>
						<line hits="1" number="5"/>
						<line hits="1" number="8"/>
						<line hits="1" number="10"/>
						<line hits="1" number="14"/>
					</lines>
				</class>
				<class branch-rate="0" complexity="0" filename="migrations/__init__.py" line-rate="1" name="__init__.py">
					<methods/>
					<lines/>
				</class>
			</classes>
		</package>
	</packages>
</coverage>
